#! /c/Source/iverilog-install/bin/vvp
:ivl_version "12.0 (devel)" "(s20150603-1539-g2693dd32b)";
:ivl_delay_selection "TYPICAL";
:vpi_time_precision + 0;
:vpi_module "C:\iverilog\lib\ivl\system.vpi";
:vpi_module "C:\iverilog\lib\ivl\vhdl_sys.vpi";
:vpi_module "C:\iverilog\lib\ivl\vhdl_textio.vpi";
:vpi_module "C:\iverilog\lib\ivl\v2005_math.vpi";
:vpi_module "C:\iverilog\lib\ivl\va_math.vpi";
S_0000025e176ab730 .scope module, "read" "read" 2 2;
 .timescale 0 0;
L_0000025e1758c838 .functor BUFT 1, C4<00000000>, C4<0>, C4<0>, C4<0>;
v0000025e176a9f00_0 .net "address", 7 0, L_0000025e1758c838;  1 drivers
v0000025e17512bf0_0 .net "ctrl", 6 0, L_0000025e176ae2b0;  1 drivers
v0000025e175131f0 .array "memory", 255 0, 7 0;
v0000025e175131f0_0 .array/port v0000025e175131f0, 0;
L_0000025e176ae2b0 .part v0000025e175131f0_0, 0, 7;
    .scope S_0000025e176ab730;
T_0 ;
    %vpi_call 2 9 "$readmemh", "ins.mem", v0000025e175131f0 {0 0 0};
    %vpi_call 2 12 "$display", "Memory[0] = %h", &A<v0000025e175131f0, 0> {0 0 0};
    %vpi_call 2 13 "$display", "Memory[1] = %h", &A<v0000025e175131f0, 1> {0 0 0};
    %vpi_call 2 14 "$display", "Memory[2] = %h", &A<v0000025e175131f0, 2> {0 0 0};
    %vpi_call 2 15 "$display", "Memory[3]sfs = %h", &A<v0000025e175131f0, 4> {0 0 0};
    %vpi_call 2 16 "$display", "ctrl = %b", v0000025e17512bf0_0 {0 0 0};
    %end;
    .thread T_0;
    .scope S_0000025e176ab730;
T_1 ;
    %delay 1, 0;
    %vpi_call 2 24 "$display", "Memory[3] = %b", &APV<v0000025e175131f0, 4, 0, 7> {0 0 0};
    %vpi_call 2 25 "$display", "%b", v0000025e17512bf0_0 {0 0 0};
    %end;
    .thread T_1;
# The file index is used to find the file name in the following table.
:file_names 3;
    "N/A";
    "<interactive>";
    "read.v";
